<?xml version="1.0" encoding="UTF-8"?>
<!-- Generated by org.testng.reporters.JUnitReportReporter -->
<testsuite hostname="LAPTOP-M4KQ402T" failures="0" tests="1" name="ui.Demo1" time="7.535" errors="0" timestamp="2023-10-05T20:16:33 BST" skipped="0">
  <testcase classname="ui.Demo1" name="testmaven" time="7.535"/>
  <system-out/>
</testsuite> <!-- ui.Demo1 -->
